<?xml version="1.0" encoding="UTF-8"?>
<testsuite name="com.example.uiteststudy.MockSampleTest" tests="3" skipped="0" failures="0" errors="0" timestamp="2022-02-24T12:53:17" hostname="yuhuigyeong-ui-MacBookPro.local" time="0.488">
  <properties/>
  <testcase name="verify_test" classname="com.example.uiteststudy.MockSampleTest" time="0.47"/>
  <testcase name="mockito_test" classname="com.example.uiteststudy.MockSampleTest" time="0.01"/>
  <testcase name="mockito_answer_test" classname="com.example.uiteststudy.MockSampleTest" time="0.008"/>
  <system-out><![CDATA[mock.getNumber ? 0
print Message
]]></system-out>
  <system-err><![CDATA[]]></system-err>
</testsuite>
